0 info it worked if it ends with ok
1 verbose cli [ '/usr/local/opt/nvm/versions/node/v5.4.1/bin/node',
1 verbose cli   '/usr/local/opt/nvm/versions/node/v5.4.1/bin/npm',
1 verbose cli   'publish' ]
2 info using npm@3.3.12
3 info using node@v5.4.1
4 verbose publish [ '.' ]
5 silly cache add args [ '.', null ]
6 verbose cache add spec .
7 silly cache add parsed spec Result {
7 silly cache add   raw: '.',
7 silly cache add   scope: null,
7 silly cache add   name: null,
7 silly cache add   rawSpec: '.',
7 silly cache add   spec: '/Users/tomascharad/Devapps/chilean-rut',
7 silly cache add   type: 'directory' }
8 verbose addLocalDirectory /Users/tomascharad/.npm/chilean-rut/1.0.11/package.tgz not in flight; packing
9 info lifecycle chilean-rut@1.0.11~prepublish: chilean-rut@1.0.11
10 silly lifecycle chilean-rut@1.0.11~prepublish: no script for prepublish, continuing
11 verbose tar pack [ '/Users/tomascharad/.npm/chilean-rut/1.0.11/package.tgz',
11 verbose tar pack   '/Users/tomascharad/Devapps/chilean-rut' ]
12 verbose tarball /Users/tomascharad/.npm/chilean-rut/1.0.11/package.tgz
13 verbose folder /Users/tomascharad/Devapps/chilean-rut
14 verbose addLocalTarball adding from inside cache /Users/tomascharad/.npm/chilean-rut/1.0.11/package.tgz
15 silly cache afterAdd chilean-rut@1.0.11
16 verbose afterAdd /Users/tomascharad/.npm/chilean-rut/1.0.11/package/package.json not in flight; writing
17 verbose afterAdd /Users/tomascharad/.npm/chilean-rut/1.0.11/package/package.json written
18 silly publish { name: 'chilean-rut',
18 silly publish   version: '1.0.11',
18 silly publish   description: 'Validates, formats and deformats chilean rut (chilean tax Number)',
18 silly publish   main: 'index.js',
18 silly publish   scripts: { test: 'echo "Error: no test specified" && exit 1' },
18 silly publish   repository:
18 silly publish    { type: 'git',
18 silly publish      url: 'git+ssh://git@github.com/tomascharad/chilean-rut.git' },
18 silly publish   keywords: [ 'Rut', 'ChileanRut', 'Validator' ],
18 silly publish   author: { name: 'Tomás Charad' },
18 silly publish   license: 'ISC',
18 silly publish   bugs: { url: 'https://github.com/tomascharad/chilean-rut/issues' },
18 silly publish   homepage: 'https://github.com/tomascharad/chilean-rut#readme',
18 silly publish   readme: '### Installation\n\nTo install:\n\n```\nnpm install --save chilean-rut\n```\n\nTo use:\n\n```\nimport chileanRut from \'chilean-rut\'\nchileanRut.validate(\'\')\nchileanRut.format(\'\')\nchileanRut.unformat(\'\')\nchileanRut.validValidatorDigit(\'\')\nchileanRut.correctValidatorDigit(\'\')\nchileanRut.getValidatorDigit(\'\')\n```',
18 silly publish   readmeFilename: 'README.md',
18 silly publish   gitHead: 'd61f162d7d33369a6290ea06086e4a937e1198eb',
18 silly publish   _id: 'chilean-rut@1.0.11',
18 silly publish   _shasum: '952ddea01fb836ac6b062b4b62ddb8828064aab1',
18 silly publish   _from: '.' }
19 verbose getPublishConfig undefined
20 silly mapToRegistry name chilean-rut
21 silly mapToRegistry using default registry
22 silly mapToRegistry registry https://registry.npmjs.org/
23 silly mapToRegistry uri https://registry.npmjs.org/chilean-rut
24 verbose publish registryBase https://registry.npmjs.org/
25 silly publish uploading /Users/tomascharad/.npm/chilean-rut/1.0.11/package.tgz
26 verbose request uri https://registry.npmjs.org/chilean-rut
27 verbose request sending authorization for write operation
28 info attempt registry request try #1 at 5:36:39 PM
29 verbose request using bearer token for auth
30 verbose request id 41c6b3a57452dfaa
31 http request PUT https://registry.npmjs.org/chilean-rut
32 http 403 https://registry.npmjs.org/chilean-rut
33 verbose headers { 'content-type': 'application/json',
33 verbose headers   'cache-control': 'max-age=300',
33 verbose headers   'content-length': '96',
33 verbose headers   'accept-ranges': 'bytes',
33 verbose headers   date: 'Fri, 05 Feb 2016 20:36:41 GMT',
33 verbose headers   via: '1.1 varnish',
33 verbose headers   connection: 'keep-alive',
33 verbose headers   'x-served-by': 'cache-ord1724-ORD',
33 verbose headers   'x-cache': 'MISS',
33 verbose headers   'x-cache-hits': '0',
33 verbose headers   'x-timer': 'S1454704600.673094,VS0,VE572' }
34 verbose request invalidating /Users/tomascharad/.npm/registry.npmjs.org/chilean-rut on PUT
35 error publish Failed PUT 403
36 verbose stack Error: "You cannot publish over the previously published version 1.0.11." : chilean-rut
36 verbose stack     at makeError (/usr/local/opt/nvm/versions/node/v5.4.1/lib/node_modules/npm/node_modules/npm-registry-client/lib/request.js:264:12)
36 verbose stack     at CachingRegistryClient.<anonymous> (/usr/local/opt/nvm/versions/node/v5.4.1/lib/node_modules/npm/node_modules/npm-registry-client/lib/request.js:252:14)
36 verbose stack     at Request._callback (/usr/local/opt/nvm/versions/node/v5.4.1/lib/node_modules/npm/node_modules/npm-registry-client/lib/request.js:172:14)
36 verbose stack     at Request.self.callback (/usr/local/opt/nvm/versions/node/v5.4.1/lib/node_modules/npm/node_modules/request/request.js:198:22)
36 verbose stack     at emitTwo (events.js:87:13)
36 verbose stack     at Request.emit (events.js:172:7)
36 verbose stack     at Request.<anonymous> (/usr/local/opt/nvm/versions/node/v5.4.1/lib/node_modules/npm/node_modules/request/request.js:1082:10)
36 verbose stack     at emitOne (events.js:82:20)
36 verbose stack     at Request.emit (events.js:169:7)
36 verbose stack     at IncomingMessage.<anonymous> (/usr/local/opt/nvm/versions/node/v5.4.1/lib/node_modules/npm/node_modules/request/request.js:1009:12)
37 verbose statusCode 403
38 verbose pkgid chilean-rut
39 verbose cwd /Users/tomascharad/Devapps/chilean-rut
40 error Darwin 15.0.0
41 error argv "/usr/local/opt/nvm/versions/node/v5.4.1/bin/node" "/usr/local/opt/nvm/versions/node/v5.4.1/bin/npm" "publish"
42 error node v5.4.1
43 error npm  v3.3.12
44 error code E403
45 error "You cannot publish over the previously published version 1.0.11." : chilean-rut
46 error If you need help, you may report this error at:
46 error     <https://github.com/npm/npm/issues>
47 verbose exit [ 1, true ]
